<?xml version="1.0" encoding="UTF-8"?>
<!-- Generated by org.testng.reporters.JUnitReportReporter -->
<testsuite skipped="0" hostname="DESKTOP-FR4OI0B" name="uiAutomation.test.login.LoginTests" tests="1" failures="0" timestamp="09 Mar 2019 11:17:56 GMT" time="16.585" errors="0">
  <testcase name="tc_001_LoginWithValidCredentials" time="16.585" classname="uiAutomation.test.login.LoginTests"/>
</testsuite> <!-- uiAutomation.test.login.LoginTests -->
